<?xml version="1.0" encoding="UTF-8"?>
<testng-results skipped="0" failed="0" ignored="0" total="2" passed="2">
  <reporter-output>
  </reporter-output>
  <suite name="Default suite" duration-ms="28" started-at="2019-03-18T16:56:47Z" finished-at="2019-03-18T16:56:47Z">
    <groups>
    </groups>
    <test name="Default test" duration-ms="28" started-at="2019-03-18T16:56:47Z" finished-at="2019-03-18T16:56:47Z">
      <class name="assert_practice.HardAssertExample">
        <test-method status="PASS" signature="test1()[pri:0, instance:assert_practice.HardAssertExample@215be6bb]" name="test1" duration-ms="10" started-at="2019-03-18T16:56:47Z" finished-at="2019-03-18T16:56:47Z">
          <reporter-output>
          </reporter-output>
        </test-method> <!-- test1 -->
        <test-method status="PASS" signature="test2()[pri:0, instance:assert_practice.HardAssertExample@215be6bb]" name="test2" duration-ms="1" started-at="2019-03-18T16:56:47Z" finished-at="2019-03-18T16:56:47Z">
          <reporter-output>
          </reporter-output>
        </test-method> <!-- test2 -->
      </class> <!-- assert_practice.HardAssertExample -->
    </test> <!-- Default test -->
  </suite> <!-- Default suite -->
</testng-results>
